c:\users\maxma\documents\cs425\final\spaceyshoot\vcfiles\debug\vc142.pdb
c:\users\maxma\documents\cs425\final\spaceyshoot\vcfiles\debug\vc142.idb
c:\users\maxma\documents\cs425\final\spaceyshoot\vcfiles\debug\mybehaviortree.obj
c:\users\maxma\documents\cs425\final\spaceyshoot\vcfiles\debug\quaternion.obj
c:\users\maxma\documents\cs425\final\spaceyshoot\vcfiles\debug\geometry.obj
c:\users\maxma\documents\cs425\final\spaceyshoot\vcfiles\debug\box.obj
c:\users\maxma\documents\cs425\final\spaceyshoot\vcfiles\debug\basic.obj
c:\users\maxma\documents\cs425\final\spaceyshoot\vcfiles\debug\mytexture.obj
c:\users\maxma\documents\cs425\final\spaceyshoot\vcfiles\debug\mysprite.obj
c:\users\maxma\documents\cs425\final\spaceyshoot\vcfiles\debug\myscene.obj
c:\users\maxma\documents\cs425\final\spaceyshoot\vcfiles\debug\myplayeragent.obj
c:\users\maxma\documents\cs425\final\spaceyshoot\vcfiles\debug\myphysicsengine.obj
c:\users\maxma\documents\cs425\final\spaceyshoot\vcfiles\debug\mygame.obj
c:\users\maxma\documents\cs425\final\spaceyshoot\vcfiles\debug\myagent.obj
c:\users\maxma\documents\cs425\final\spaceyshoot\vcfiles\debug\main.obj
c:\users\maxma\documents\cs425\final\spaceyshoot\vcfiles\debug\mybulletagent.obj
c:\users\maxma\documents\cs425\final\spaceyshoot\vcfiles\debug\myobjectagent.obj
c:\users\maxma\documents\cs425\final\spaceyshoot\vcfiles\debug\spaceyshoot.exe
c:\users\maxma\documents\cs425\final\spaceyshoot\vcfiles\debug\spaceyshoot.ilk
c:\users\maxma\documents\cs425\final\spaceyshoot\vcfiles\debug\spaceyshoot.pdb
c:\users\maxma\documents\cs425\final\spaceyshoot\vcfiles\debug\spaceyshoot.tlog\cl.command.1.tlog
c:\users\maxma\documents\cs425\final\spaceyshoot\vcfiles\debug\spaceyshoot.tlog\cl.read.1.tlog
c:\users\maxma\documents\cs425\final\spaceyshoot\vcfiles\debug\spaceyshoot.tlog\cl.write.1.tlog
c:\users\maxma\documents\cs425\final\spaceyshoot\vcfiles\debug\spaceyshoot.tlog\link.command.1.tlog
c:\users\maxma\documents\cs425\final\spaceyshoot\vcfiles\debug\spaceyshoot.tlog\link.read.1.tlog
c:\users\maxma\documents\cs425\final\spaceyshoot\vcfiles\debug\spaceyshoot.tlog\link.write.1.tlog
